[  0%] Built target _hrwros_msgs_generate_messages_check_deps_ConvertMetresToFeet
[  0%] Built target moveit_msgs_generate_messages_lisp
[  0%] Built target trajectory_msgs_generate_messages_lisp
[  0%] Built target _hrwros_msgs_generate_messages_check_deps_SensorInformation
[  0%] Built target geometry_msgs_generate_messages_lisp
[  0%] Built target _hrwros_msgs_generate_messages_check_deps_CounterWithDelayAction
[35m[1mScanning dependencies of target _hrwros_msgs_generate_messages_check_deps_BoxHeightInformation[0m
[  0%] Built target _hrwros_msgs_generate_messages_check_deps_BoxHeightInformation
[  0%] Built target _hrwros_msgs_generate_messages_check_deps_CounterWithDelayGoal
[  0%] Built target std_msgs_generate_messages_lisp
[  0%] Built target _hrwros_msgs_generate_messages_check_deps_CounterWithDelayFeedback
[  0%] Built target _hrwros_msgs_generate_messages_check_deps_RobotTrajectories
[  0%] Built target _hrwros_msgs_generate_messages_check_deps_TargetToolPoses
[  0%] Built target _hrwros_msgs_generate_messages_check_deps_ObjectDetection
[  0%] Built target actionlib_msgs_generate_messages_lisp
[  0%] Built target _hrwros_msgs_generate_messages_check_deps_CounterWithDelayActionResult
[  0%] Built target _hrwros_msgs_generate_messages_check_deps_CounterWithDelayResult
[  0%] Built target _hrwros_msgs_generate_messages_check_deps_CounterWithDelayActionFeedback
[  0%] Built target _hrwros_msgs_generate_messages_check_deps_CounterWithDelayActionGoal
[  0%] Built target geometry_msgs_generate_messages_py
[  0%] Built target std_msgs_generate_messages_py
[  0%] Built target moveit_msgs_generate_messages_py
[  0%] Built target trajectory_msgs_generate_messages_py
[  0%] Built target actionlib_msgs_generate_messages_py
[  0%] Built target trajectory_msgs_generate_messages_nodejs
[  0%] Built target actionlib_msgs_generate_messages_nodejs
[  0%] Built target moveit_msgs_generate_messages_nodejs
[  0%] Built target std_msgs_generate_messages_nodejs
[  0%] Built target geometry_msgs_generate_messages_nodejs
[  0%] Built target trajectory_msgs_generate_messages_eus
[  0%] Built target moveit_msgs_generate_messages_eus
[  0%] Built target geometry_msgs_generate_messages_eus
[  0%] Built target std_msgs_generate_messages_eus
[  0%] Built target actionlib_msgs_generate_messages_eus
[  0%] Built target std_msgs_generate_messages_cpp
[  0%] Built target moveit_msgs_generate_messages_cpp
[  0%] Built target trajectory_msgs_generate_messages_cpp
[  0%] Built target actionlib_msgs_generate_messages_cpp
[  0%] Built target geometry_msgs_generate_messages_cpp
[  1%] [34m[1mGenerating Lisp code from hrwros_msgs/CounterWithDelayAction.msg[0m
[  2%] [34m[1mGenerating Lisp code from hrwros_msgs/CounterWithDelayActionFeedback.msg[0m
[  4%] [34m[1mGenerating Lisp code from hrwros_msgs/CounterWithDelayActionGoal.msg[0m
[  5%] [34m[1mGenerating Lisp code from hrwros_msgs/BoxHeightInformation.msg[0m
[  7%] [34m[1mGenerating Lisp code from hrwros_msgs/CounterWithDelayActionResult.msg[0m
[ 19%] Built target hrwros_msgs_generate_messages_lisp
[ 20%] [34m[1mGenerating Python from MSG hrwros_msgs/CounterWithDelayAction[0m
[ 22%] [34m[1mGenerating Python from MSG hrwros_msgs/CounterWithDelayActionFeedback[0m
[ 23%] [34m[1mGenerating Python from MSG hrwros_msgs/CounterWithDelayActionGoal[0m
[ 25%] [34m[1mGenerating Python from MSG hrwros_msgs/BoxHeightInformation[0m
[ 26%] [34m[1mGenerating Python from MSG hrwros_msgs/CounterWithDelayActionResult[0m
[ 27%] [34m[1mGenerating Python msg __init__.py for hrwros_msgs[0m
[ 29%] [34m[1mGenerating Python srv __init__.py for hrwros_msgs[0m
[ 41%] Built target hrwros_msgs_generate_messages_py
[ 42%] [34m[1mGenerating Javascript code from hrwros_msgs/CounterWithDelayAction.msg[0m
[ 44%] [34m[1mGenerating Javascript code from hrwros_msgs/CounterWithDelayActionFeedback.msg[0m
[ 45%] [34m[1mGenerating Javascript code from hrwros_msgs/CounterWithDelayActionGoal.msg[0m
[ 47%] [34m[1mGenerating Javascript code from hrwros_msgs/BoxHeightInformation.msg[0m
[ 48%] [34m[1mGenerating Javascript code from hrwros_msgs/CounterWithDelayActionResult.msg[0m
[ 60%] Built target hrwros_msgs_generate_messages_nodejs
[ 61%] [34m[1mGenerating EusLisp code from hrwros_msgs/CounterWithDelayAction.msg[0m
[ 63%] [34m[1mGenerating EusLisp code from hrwros_msgs/CounterWithDelayActionFeedback.msg[0m
[ 64%] [34m[1mGenerating EusLisp code from hrwros_msgs/CounterWithDelayActionGoal.msg[0m
[ 66%] [34m[1mGenerating EusLisp code from hrwros_msgs/BoxHeightInformation.msg[0m
[ 67%] [34m[1mGenerating EusLisp code from hrwros_msgs/CounterWithDelayActionResult.msg[0m
[ 80%] Built target hrwros_msgs_generate_messages_eus
[ 82%] [34m[1mGenerating C++ code from hrwros_msgs/CounterWithDelayAction.msg[0m
[ 83%] [34m[1mGenerating C++ code from hrwros_msgs/CounterWithDelayActionFeedback.msg[0m
[ 85%] [34m[1mGenerating C++ code from hrwros_msgs/CounterWithDelayActionGoal.msg[0m
[ 86%] [34m[1mGenerating C++ code from hrwros_msgs/BoxHeightInformation.msg[0m
[ 88%] [34m[1mGenerating C++ code from hrwros_msgs/CounterWithDelayActionResult.msg[0m
[100%] Built target hrwros_msgs_generate_messages_cpp
[100%] Built target hrwros_msgs_generate_messages
