Determining if the pthread_create exist failed with the following output:
Change Dir: /home/timmy/hrwros_ws/build/hrwros_week6/CMakeFiles/CMakeTmp

Run Build Command:"/usr/bin/make" "cmTC_57b0e/fast"
/usr/bin/make -f CMakeFiles/cmTC_57b0e.dir/build.make CMakeFiles/cmTC_57b0e.dir/build
make[1]: Entering directory '/home/timmy/hrwros_ws/build/hrwros_week6/CMakeFiles/CMakeTmp'
Building C object CMakeFiles/cmTC_57b0e.dir/CheckSymbolExists.c.o
/usr/bin/cc    -o CMakeFiles/cmTC_57b0e.dir/CheckSymbolExists.c.o   -c /home/timmy/hrwros_ws/build/hrwros_week6/CMakeFiles/CMakeTmp/CheckSymbolExists.c
Linking C executable cmTC_57b0e
/usr/bin/cmake -E cmake_link_script CMakeFiles/cmTC_57b0e.dir/link.txt --verbose=1
/usr/bin/cc      -rdynamic CMakeFiles/cmTC_57b0e.dir/CheckSymbolExists.c.o  -o cmTC_57b0e 
CMakeFiles/cmTC_57b0e.dir/CheckSymbolExists.c.o: In function `main':
CheckSymbolExists.c:(.text+0x1b): undefined reference to `pthread_create'
collect2: error: ld returned 1 exit status
CMakeFiles/cmTC_57b0e.dir/build.make:97: recipe for target 'cmTC_57b0e' failed
make[1]: *** [cmTC_57b0e] Error 1
make[1]: Leaving directory '/home/timmy/hrwros_ws/build/hrwros_week6/CMakeFiles/CMakeTmp'
Makefile:126: recipe for target 'cmTC_57b0e/fast' failed
make: *** [cmTC_57b0e/fast] Error 2

File /home/timmy/hrwros_ws/build/hrwros_week6/CMakeFiles/CMakeTmp/CheckSymbolExists.c:
/* */
#include <pthread.h>

int main(int argc, char** argv)
{
  (void)argv;
#ifndef pthread_create
  return ((int*)(&pthread_create))[argc];
#else
  (void)argc;
  return 0;
#endif
}

Determining if the function pthread_create exists in the pthreads failed with the following output:
Change Dir: /home/timmy/hrwros_ws/build/hrwros_week6/CMakeFiles/CMakeTmp

Run Build Command:"/usr/bin/make" "cmTC_7711c/fast"
/usr/bin/make -f CMakeFiles/cmTC_7711c.dir/build.make CMakeFiles/cmTC_7711c.dir/build
make[1]: Entering directory '/home/timmy/hrwros_ws/build/hrwros_week6/CMakeFiles/CMakeTmp'
Building C object CMakeFiles/cmTC_7711c.dir/CheckFunctionExists.c.o
/usr/bin/cc   -DCHECK_FUNCTION_EXISTS=pthread_create   -o CMakeFiles/cmTC_7711c.dir/CheckFunctionExists.c.o   -c /usr/share/cmake-3.10/Modules/CheckFunctionExists.c
Linking C executable cmTC_7711c
/usr/bin/cmake -E cmake_link_script CMakeFiles/cmTC_7711c.dir/link.txt --verbose=1
/usr/bin/cc  -DCHECK_FUNCTION_EXISTS=pthread_create    -rdynamic CMakeFiles/cmTC_7711c.dir/CheckFunctionExists.c.o  -o cmTC_7711c -lpthreads 
/usr/bin/ld: cannot find -lpthreads
collect2: error: ld returned 1 exit status
CMakeFiles/cmTC_7711c.dir/build.make:97: recipe for target 'cmTC_7711c' failed
make[1]: *** [cmTC_7711c] Error 1
make[1]: Leaving directory '/home/timmy/hrwros_ws/build/hrwros_week6/CMakeFiles/CMakeTmp'
Makefile:126: recipe for target 'cmTC_7711c/fast' failed
make: *** [cmTC_7711c/fast] Error 2


