Determining if the pthread_create exist failed with the following output:
Change Dir: /home/timmy/hrwros_ws/build/hrwros_msgs/CMakeFiles/CMakeTmp

Run Build Command:"/usr/bin/make" "cmTC_5ea88/fast"
/usr/bin/make -f CMakeFiles/cmTC_5ea88.dir/build.make CMakeFiles/cmTC_5ea88.dir/build
make[1]: Entering directory '/home/timmy/hrwros_ws/build/hrwros_msgs/CMakeFiles/CMakeTmp'
Building C object CMakeFiles/cmTC_5ea88.dir/CheckSymbolExists.c.o
/usr/bin/cc    -o CMakeFiles/cmTC_5ea88.dir/CheckSymbolExists.c.o   -c /home/timmy/hrwros_ws/build/hrwros_msgs/CMakeFiles/CMakeTmp/CheckSymbolExists.c
Linking C executable cmTC_5ea88
/usr/bin/cmake -E cmake_link_script CMakeFiles/cmTC_5ea88.dir/link.txt --verbose=1
/usr/bin/cc      -rdynamic CMakeFiles/cmTC_5ea88.dir/CheckSymbolExists.c.o  -o cmTC_5ea88 
CMakeFiles/cmTC_5ea88.dir/CheckSymbolExists.c.o: In function `main':
CheckSymbolExists.c:(.text+0x1b): undefined reference to `pthread_create'
collect2: error: ld returned 1 exit status
CMakeFiles/cmTC_5ea88.dir/build.make:97: recipe for target 'cmTC_5ea88' failed
make[1]: *** [cmTC_5ea88] Error 1
make[1]: Leaving directory '/home/timmy/hrwros_ws/build/hrwros_msgs/CMakeFiles/CMakeTmp'
Makefile:126: recipe for target 'cmTC_5ea88/fast' failed
make: *** [cmTC_5ea88/fast] Error 2

File /home/timmy/hrwros_ws/build/hrwros_msgs/CMakeFiles/CMakeTmp/CheckSymbolExists.c:
/* */
#include <pthread.h>

int main(int argc, char** argv)
{
  (void)argv;
#ifndef pthread_create
  return ((int*)(&pthread_create))[argc];
#else
  (void)argc;
  return 0;
#endif
}

Determining if the function pthread_create exists in the pthreads failed with the following output:
Change Dir: /home/timmy/hrwros_ws/build/hrwros_msgs/CMakeFiles/CMakeTmp

Run Build Command:"/usr/bin/make" "cmTC_5fb9c/fast"
/usr/bin/make -f CMakeFiles/cmTC_5fb9c.dir/build.make CMakeFiles/cmTC_5fb9c.dir/build
make[1]: Entering directory '/home/timmy/hrwros_ws/build/hrwros_msgs/CMakeFiles/CMakeTmp'
Building C object CMakeFiles/cmTC_5fb9c.dir/CheckFunctionExists.c.o
/usr/bin/cc   -DCHECK_FUNCTION_EXISTS=pthread_create   -o CMakeFiles/cmTC_5fb9c.dir/CheckFunctionExists.c.o   -c /usr/share/cmake-3.10/Modules/CheckFunctionExists.c
Linking C executable cmTC_5fb9c
/usr/bin/cmake -E cmake_link_script CMakeFiles/cmTC_5fb9c.dir/link.txt --verbose=1
/usr/bin/cc  -DCHECK_FUNCTION_EXISTS=pthread_create    -rdynamic CMakeFiles/cmTC_5fb9c.dir/CheckFunctionExists.c.o  -o cmTC_5fb9c -lpthreads 
/usr/bin/ld: cannot find -lpthreads
collect2: error: ld returned 1 exit status
CMakeFiles/cmTC_5fb9c.dir/build.make:97: recipe for target 'cmTC_5fb9c' failed
make[1]: *** [cmTC_5fb9c] Error 1
make[1]: Leaving directory '/home/timmy/hrwros_ws/build/hrwros_msgs/CMakeFiles/CMakeTmp'
Makefile:126: recipe for target 'cmTC_5fb9c/fast' failed
make: *** [cmTC_5fb9c/fast] Error 2


