Determining if the pthread_create exist failed with the following output:
Change Dir: /home/timmy/hrwros_ws/build/hrwros_week2/CMakeFiles/CMakeTmp

Run Build Command:"/usr/bin/make" "cmTC_82fbc/fast"
/usr/bin/make -f CMakeFiles/cmTC_82fbc.dir/build.make CMakeFiles/cmTC_82fbc.dir/build
make[1]: Entering directory '/home/timmy/hrwros_ws/build/hrwros_week2/CMakeFiles/CMakeTmp'
Building C object CMakeFiles/cmTC_82fbc.dir/CheckSymbolExists.c.o
/usr/bin/cc    -o CMakeFiles/cmTC_82fbc.dir/CheckSymbolExists.c.o   -c /home/timmy/hrwros_ws/build/hrwros_week2/CMakeFiles/CMakeTmp/CheckSymbolExists.c
Linking C executable cmTC_82fbc
/usr/bin/cmake -E cmake_link_script CMakeFiles/cmTC_82fbc.dir/link.txt --verbose=1
/usr/bin/cc      -rdynamic CMakeFiles/cmTC_82fbc.dir/CheckSymbolExists.c.o  -o cmTC_82fbc 
CMakeFiles/cmTC_82fbc.dir/CheckSymbolExists.c.o: In function `main':
CheckSymbolExists.c:(.text+0x1b): undefined reference to `pthread_create'
collect2: error: ld returned 1 exit status
CMakeFiles/cmTC_82fbc.dir/build.make:97: recipe for target 'cmTC_82fbc' failed
make[1]: *** [cmTC_82fbc] Error 1
make[1]: Leaving directory '/home/timmy/hrwros_ws/build/hrwros_week2/CMakeFiles/CMakeTmp'
Makefile:126: recipe for target 'cmTC_82fbc/fast' failed
make: *** [cmTC_82fbc/fast] Error 2

File /home/timmy/hrwros_ws/build/hrwros_week2/CMakeFiles/CMakeTmp/CheckSymbolExists.c:
/* */
#include <pthread.h>

int main(int argc, char** argv)
{
  (void)argv;
#ifndef pthread_create
  return ((int*)(&pthread_create))[argc];
#else
  (void)argc;
  return 0;
#endif
}

Determining if the function pthread_create exists in the pthreads failed with the following output:
Change Dir: /home/timmy/hrwros_ws/build/hrwros_week2/CMakeFiles/CMakeTmp

Run Build Command:"/usr/bin/make" "cmTC_2f11d/fast"
/usr/bin/make -f CMakeFiles/cmTC_2f11d.dir/build.make CMakeFiles/cmTC_2f11d.dir/build
make[1]: Entering directory '/home/timmy/hrwros_ws/build/hrwros_week2/CMakeFiles/CMakeTmp'
Building C object CMakeFiles/cmTC_2f11d.dir/CheckFunctionExists.c.o
/usr/bin/cc   -DCHECK_FUNCTION_EXISTS=pthread_create   -o CMakeFiles/cmTC_2f11d.dir/CheckFunctionExists.c.o   -c /usr/share/cmake-3.10/Modules/CheckFunctionExists.c
Linking C executable cmTC_2f11d
/usr/bin/cmake -E cmake_link_script CMakeFiles/cmTC_2f11d.dir/link.txt --verbose=1
/usr/bin/cc  -DCHECK_FUNCTION_EXISTS=pthread_create    -rdynamic CMakeFiles/cmTC_2f11d.dir/CheckFunctionExists.c.o  -o cmTC_2f11d -lpthreads 
/usr/bin/ld: cannot find -lpthreads
collect2: error: ld returned 1 exit status
CMakeFiles/cmTC_2f11d.dir/build.make:97: recipe for target 'cmTC_2f11d' failed
make[1]: *** [cmTC_2f11d] Error 1
make[1]: Leaving directory '/home/timmy/hrwros_ws/build/hrwros_week2/CMakeFiles/CMakeTmp'
Makefile:126: recipe for target 'cmTC_2f11d/fast' failed
make: *** [cmTC_2f11d/fast] Error 2


