[  0%] Built target geometry_msgs_generate_messages_nodejs
[  0%] Built target std_msgs_generate_messages_nodejs
[  0%] Built target _hrwros_gazebo_generate_messages_check_deps_ConveyorBeltControl
[  0%] Built target std_msgs_generate_messages_py
[  0%] Built target _hrwros_gazebo_generate_messages_check_deps_VacuumGripperControl
[  0%] Built target _hrwros_gazebo_generate_messages_check_deps_Model
[  0%] Built target _hrwros_gazebo_generate_messages_check_deps_Proximity
[  0%] Built target _hrwros_gazebo_generate_messages_check_deps_LogicalCameraImage
[  0%] Built target _hrwros_gazebo_generate_messages_check_deps_ConveyorBeltState
[  0%] Built target _hrwros_gazebo_generate_messages_check_deps_VacuumGripperState
[  0%] Built target geometry_msgs_generate_messages_py
[  0%] Built target geometry_msgs_generate_messages_lisp
[  0%] Built target std_msgs_generate_messages_eus
[  0%] Built target geometry_msgs_generate_messages_cpp
[  0%] Built target geometry_msgs_generate_messages_eus
[  0%] Built target std_msgs_generate_messages_lisp
[  0%] Built target std_msgs_generate_messages_cpp
[ 10%] Built target hrwros_gazebo_generate_messages_nodejs
[ 25%] Built target hrwros_gazebo_generate_messages_py
[ 35%] Built target hrwros_gazebo_generate_messages_lisp
[ 48%] Built target hrwros_gazebo_generate_messages_eus
[ 59%] Built target hrwros_gazebo_generate_messages_cpp
[ 62%] Built target urdf_creator
[ 62%] Built target hrwros_gazebo_generate_messages
[ 65%] Built target ProximityRayPlugin
[ 68%] Built target SideContactPlugin
[ 71%] Built target VacuumGripperPlugin
[ 75%] Built target urdf_creator_test_node
[ 78%] Built target conveyor_spawner
[ 81%] Built target ROSLogicalCameraPlugin
[ 84%] Built target ROSProximityRayPlugin
[ 87%] Built target ConveyorBeltPlugin
[ 90%] Built target ROSVacuumGripperPlugin
[ 93%] Built target ObjectDisposalPlugin
[ 96%] Built target conveyor_spawner_node
[100%] Built target ROSConveyorBeltPlugin
