Determining if the pthread_create exist failed with the following output:
Change Dir: /home/timmy/hrwros_ws/build/hrwros_week1/CMakeFiles/CMakeTmp

Run Build Command:"/usr/bin/make" "cmTC_b19ba/fast"
/usr/bin/make -f CMakeFiles/cmTC_b19ba.dir/build.make CMakeFiles/cmTC_b19ba.dir/build
make[1]: Entering directory '/home/timmy/hrwros_ws/build/hrwros_week1/CMakeFiles/CMakeTmp'
Building C object CMakeFiles/cmTC_b19ba.dir/CheckSymbolExists.c.o
/usr/bin/cc    -o CMakeFiles/cmTC_b19ba.dir/CheckSymbolExists.c.o   -c /home/timmy/hrwros_ws/build/hrwros_week1/CMakeFiles/CMakeTmp/CheckSymbolExists.c
Linking C executable cmTC_b19ba
/usr/bin/cmake -E cmake_link_script CMakeFiles/cmTC_b19ba.dir/link.txt --verbose=1
/usr/bin/cc      -rdynamic CMakeFiles/cmTC_b19ba.dir/CheckSymbolExists.c.o  -o cmTC_b19ba 
CMakeFiles/cmTC_b19ba.dir/CheckSymbolExists.c.o: In function `main':
CheckSymbolExists.c:(.text+0x1b): undefined reference to `pthread_create'
collect2: error: ld returned 1 exit status
CMakeFiles/cmTC_b19ba.dir/build.make:97: recipe for target 'cmTC_b19ba' failed
make[1]: *** [cmTC_b19ba] Error 1
make[1]: Leaving directory '/home/timmy/hrwros_ws/build/hrwros_week1/CMakeFiles/CMakeTmp'
Makefile:126: recipe for target 'cmTC_b19ba/fast' failed
make: *** [cmTC_b19ba/fast] Error 2

File /home/timmy/hrwros_ws/build/hrwros_week1/CMakeFiles/CMakeTmp/CheckSymbolExists.c:
/* */
#include <pthread.h>

int main(int argc, char** argv)
{
  (void)argv;
#ifndef pthread_create
  return ((int*)(&pthread_create))[argc];
#else
  (void)argc;
  return 0;
#endif
}

Determining if the function pthread_create exists in the pthreads failed with the following output:
Change Dir: /home/timmy/hrwros_ws/build/hrwros_week1/CMakeFiles/CMakeTmp

Run Build Command:"/usr/bin/make" "cmTC_27a32/fast"
/usr/bin/make -f CMakeFiles/cmTC_27a32.dir/build.make CMakeFiles/cmTC_27a32.dir/build
make[1]: Entering directory '/home/timmy/hrwros_ws/build/hrwros_week1/CMakeFiles/CMakeTmp'
Building C object CMakeFiles/cmTC_27a32.dir/CheckFunctionExists.c.o
/usr/bin/cc   -DCHECK_FUNCTION_EXISTS=pthread_create   -o CMakeFiles/cmTC_27a32.dir/CheckFunctionExists.c.o   -c /usr/share/cmake-3.10/Modules/CheckFunctionExists.c
Linking C executable cmTC_27a32
/usr/bin/cmake -E cmake_link_script CMakeFiles/cmTC_27a32.dir/link.txt --verbose=1
/usr/bin/cc  -DCHECK_FUNCTION_EXISTS=pthread_create    -rdynamic CMakeFiles/cmTC_27a32.dir/CheckFunctionExists.c.o  -o cmTC_27a32 -lpthreads 
/usr/bin/ld: cannot find -lpthreads
collect2: error: ld returned 1 exit status
CMakeFiles/cmTC_27a32.dir/build.make:97: recipe for target 'cmTC_27a32' failed
make[1]: *** [cmTC_27a32] Error 1
make[1]: Leaving directory '/home/timmy/hrwros_ws/build/hrwros_week1/CMakeFiles/CMakeTmp'
Makefile:126: recipe for target 'cmTC_27a32/fast' failed
make: *** [cmTC_27a32/fast] Error 2


