Determining if the pthread_create exist failed with the following output:
Change Dir: /home/timmy/hrwros_ws/build/week4_moveit_config/CMakeFiles/CMakeTmp

Run Build Command:"/usr/bin/make" "cmTC_04ddf/fast"
/usr/bin/make -f CMakeFiles/cmTC_04ddf.dir/build.make CMakeFiles/cmTC_04ddf.dir/build
make[1]: Entering directory '/home/timmy/hrwros_ws/build/week4_moveit_config/CMakeFiles/CMakeTmp'
Building C object CMakeFiles/cmTC_04ddf.dir/CheckSymbolExists.c.o
/usr/bin/cc    -o CMakeFiles/cmTC_04ddf.dir/CheckSymbolExists.c.o   -c /home/timmy/hrwros_ws/build/week4_moveit_config/CMakeFiles/CMakeTmp/CheckSymbolExists.c
Linking C executable cmTC_04ddf
/usr/bin/cmake -E cmake_link_script CMakeFiles/cmTC_04ddf.dir/link.txt --verbose=1
/usr/bin/cc      -rdynamic CMakeFiles/cmTC_04ddf.dir/CheckSymbolExists.c.o  -o cmTC_04ddf 
CMakeFiles/cmTC_04ddf.dir/CheckSymbolExists.c.o: In function `main':
CheckSymbolExists.c:(.text+0x1b): undefined reference to `pthread_create'
collect2: error: ld returned 1 exit status
CMakeFiles/cmTC_04ddf.dir/build.make:97: recipe for target 'cmTC_04ddf' failed
make[1]: *** [cmTC_04ddf] Error 1
make[1]: Leaving directory '/home/timmy/hrwros_ws/build/week4_moveit_config/CMakeFiles/CMakeTmp'
Makefile:126: recipe for target 'cmTC_04ddf/fast' failed
make: *** [cmTC_04ddf/fast] Error 2

File /home/timmy/hrwros_ws/build/week4_moveit_config/CMakeFiles/CMakeTmp/CheckSymbolExists.c:
/* */
#include <pthread.h>

int main(int argc, char** argv)
{
  (void)argv;
#ifndef pthread_create
  return ((int*)(&pthread_create))[argc];
#else
  (void)argc;
  return 0;
#endif
}

Determining if the function pthread_create exists in the pthreads failed with the following output:
Change Dir: /home/timmy/hrwros_ws/build/week4_moveit_config/CMakeFiles/CMakeTmp

Run Build Command:"/usr/bin/make" "cmTC_c806b/fast"
/usr/bin/make -f CMakeFiles/cmTC_c806b.dir/build.make CMakeFiles/cmTC_c806b.dir/build
make[1]: Entering directory '/home/timmy/hrwros_ws/build/week4_moveit_config/CMakeFiles/CMakeTmp'
Building C object CMakeFiles/cmTC_c806b.dir/CheckFunctionExists.c.o
/usr/bin/cc   -DCHECK_FUNCTION_EXISTS=pthread_create   -o CMakeFiles/cmTC_c806b.dir/CheckFunctionExists.c.o   -c /usr/share/cmake-3.10/Modules/CheckFunctionExists.c
Linking C executable cmTC_c806b
/usr/bin/cmake -E cmake_link_script CMakeFiles/cmTC_c806b.dir/link.txt --verbose=1
/usr/bin/cc  -DCHECK_FUNCTION_EXISTS=pthread_create    -rdynamic CMakeFiles/cmTC_c806b.dir/CheckFunctionExists.c.o  -o cmTC_c806b -lpthreads 
/usr/bin/ld: cannot find -lpthreads
collect2: error: ld returned 1 exit status
CMakeFiles/cmTC_c806b.dir/build.make:97: recipe for target 'cmTC_c806b' failed
make[1]: *** [cmTC_c806b] Error 1
make[1]: Leaving directory '/home/timmy/hrwros_ws/build/week4_moveit_config/CMakeFiles/CMakeTmp'
Makefile:126: recipe for target 'cmTC_c806b/fast' failed
make: *** [cmTC_c806b/fast] Error 2


