Determining if the pthread_create exist failed with the following output:
Change Dir: /home/timmy/hrwros_ws/build/behavior_pick_part_from_conveyor/CMakeFiles/CMakeTmp

Run Build Command:"/usr/bin/make" "cmTC_260f4/fast"
/usr/bin/make -f CMakeFiles/cmTC_260f4.dir/build.make CMakeFiles/cmTC_260f4.dir/build
make[1]: Entering directory '/home/timmy/hrwros_ws/build/behavior_pick_part_from_conveyor/CMakeFiles/CMakeTmp'
Building C object CMakeFiles/cmTC_260f4.dir/CheckSymbolExists.c.o
/usr/bin/cc    -o CMakeFiles/cmTC_260f4.dir/CheckSymbolExists.c.o   -c /home/timmy/hrwros_ws/build/behavior_pick_part_from_conveyor/CMakeFiles/CMakeTmp/CheckSymbolExists.c
Linking C executable cmTC_260f4
/usr/bin/cmake -E cmake_link_script CMakeFiles/cmTC_260f4.dir/link.txt --verbose=1
/usr/bin/cc      -rdynamic CMakeFiles/cmTC_260f4.dir/CheckSymbolExists.c.o  -o cmTC_260f4 
CMakeFiles/cmTC_260f4.dir/CheckSymbolExists.c.o: In function `main':
CheckSymbolExists.c:(.text+0x1b): undefined reference to `pthread_create'
collect2: error: ld returned 1 exit status
CMakeFiles/cmTC_260f4.dir/build.make:97: recipe for target 'cmTC_260f4' failed
make[1]: *** [cmTC_260f4] Error 1
make[1]: Leaving directory '/home/timmy/hrwros_ws/build/behavior_pick_part_from_conveyor/CMakeFiles/CMakeTmp'
Makefile:126: recipe for target 'cmTC_260f4/fast' failed
make: *** [cmTC_260f4/fast] Error 2

File /home/timmy/hrwros_ws/build/behavior_pick_part_from_conveyor/CMakeFiles/CMakeTmp/CheckSymbolExists.c:
/* */
#include <pthread.h>

int main(int argc, char** argv)
{
  (void)argv;
#ifndef pthread_create
  return ((int*)(&pthread_create))[argc];
#else
  (void)argc;
  return 0;
#endif
}

Determining if the function pthread_create exists in the pthreads failed with the following output:
Change Dir: /home/timmy/hrwros_ws/build/behavior_pick_part_from_conveyor/CMakeFiles/CMakeTmp

Run Build Command:"/usr/bin/make" "cmTC_152b0/fast"
/usr/bin/make -f CMakeFiles/cmTC_152b0.dir/build.make CMakeFiles/cmTC_152b0.dir/build
make[1]: Entering directory '/home/timmy/hrwros_ws/build/behavior_pick_part_from_conveyor/CMakeFiles/CMakeTmp'
Building C object CMakeFiles/cmTC_152b0.dir/CheckFunctionExists.c.o
/usr/bin/cc   -DCHECK_FUNCTION_EXISTS=pthread_create   -o CMakeFiles/cmTC_152b0.dir/CheckFunctionExists.c.o   -c /usr/share/cmake-3.10/Modules/CheckFunctionExists.c
Linking C executable cmTC_152b0
/usr/bin/cmake -E cmake_link_script CMakeFiles/cmTC_152b0.dir/link.txt --verbose=1
/usr/bin/cc  -DCHECK_FUNCTION_EXISTS=pthread_create    -rdynamic CMakeFiles/cmTC_152b0.dir/CheckFunctionExists.c.o  -o cmTC_152b0 -lpthreads 
/usr/bin/ld: cannot find -lpthreads
collect2: error: ld returned 1 exit status
CMakeFiles/cmTC_152b0.dir/build.make:97: recipe for target 'cmTC_152b0' failed
make[1]: *** [cmTC_152b0] Error 1
make[1]: Leaving directory '/home/timmy/hrwros_ws/build/behavior_pick_part_from_conveyor/CMakeFiles/CMakeTmp'
Makefile:126: recipe for target 'cmTC_152b0/fast' failed
make: *** [cmTC_152b0/fast] Error 2


